match/launcher/build/intermediates/manifest_merge_blame_file/release/manifest-merger-blame-release-report.txt
1<?xml version="1.0" encoding="utf-8"?>
2<!-- GENERATED BY UNITY. REMOVE THIS COMMENT TO PREVENT OVERWRITING WHEN EXPORTING AGAIN -->
3<manifest xmlns:android="http://schemas.android.com/apk/res/android"
4    package="com.restar.matchrender.google"
5    android:installLocation="preferExternal"
6    android:versionCode="1"
7    android:versionName="0.1" >
8
9    <uses-sdk
10        android:minSdkVersion="24"
10-->src/main/AndroidManifest.xml
11        android:targetSdkVersion="30" />
11-->src/main/AndroidManifest.xml
12
13    <supports-screens
13-->src/main/AndroidManifest.xml:4:3-163
14        android:anyDensity="true"
14-->src/main/AndroidManifest.xml:4:135-160
15        android:largeScreens="true"
15-->src/main/AndroidManifest.xml:4:78-105
16        android:normalScreens="true"
16-->src/main/AndroidManifest.xml:4:49-77
17        android:smallScreens="true"
17-->src/main/AndroidManifest.xml:4:21-48
18        android:xlargeScreens="true" />
18-->src/main/AndroidManifest.xml:4:106-134
19
20    <uses-permission android:name="android.permission.INTERNET" />
20-->[:unityLibrary] AndroidManifest.xml:11:5-67
20-->[:unityLibrary] AndroidManifest.xml:11:22-64
21    <uses-permission android:name="android.permission.ACCESS_NETWORK_STATE" />
21-->[:unityLibrary] AndroidManifest.xml:12:5-79
21-->[:unityLibrary] AndroidManifest.xml:12:22-76
22    <uses-permission android:name="android.permission.ACCESS_WIFI_STATE" />
22-->[:unityLibrary] AndroidManifest.xml:13:5-76
22-->[:unityLibrary] AndroidManifest.xml:13:22-73
23    <uses-permission android:name="android.gms.permission.AD_ID" />
23-->[:unityLibrary] AndroidManifest.xml:14:5-68
23-->[:unityLibrary] AndroidManifest.xml:14:22-65
24
25    <uses-feature android:glEsVersion="0x00030000" />
25-->[:unityLibrary] AndroidManifest.xml:16:5-54
25-->[:unityLibrary] AndroidManifest.xml:16:19-51
26    <uses-feature
26-->[:unityLibrary] AndroidManifest.xml:17:5-19:36
27        android:name="android.hardware.vulkan.version"
27-->[:unityLibrary] AndroidManifest.xml:18:9-55
28        android:required="false" />
28-->[:unityLibrary] AndroidManifest.xml:19:9-33
29    <uses-feature
29-->[:unityLibrary] AndroidManifest.xml:20:5-22:36
30        android:name="android.hardware.touchscreen"
30-->[:unityLibrary] AndroidManifest.xml:21:9-52
31        android:required="false" />
31-->[:unityLibrary] AndroidManifest.xml:22:9-33
32    <uses-feature
32-->[:unityLibrary] AndroidManifest.xml:23:5-25:36
33        android:name="android.hardware.touchscreen.multitouch"
33-->[:unityLibrary] AndroidManifest.xml:24:9-63
34        android:required="false" />
34-->[:unityLibrary] AndroidManifest.xml:25:9-33
35    <uses-feature
35-->[:unityLibrary] AndroidManifest.xml:26:5-28:36
36        android:name="android.hardware.touchscreen.multitouch.distinct"
36-->[:unityLibrary] AndroidManifest.xml:27:9-72
37        android:required="false" />
37-->[:unityLibrary] AndroidManifest.xml:28:9-33
38
39    <queries>
39-->[:NativeShare:] AndroidManifest.xml:13:2-22:12
40        <intent>
40-->[:NativeShare:] AndroidManifest.xml:14:3-17:12
41            <action android:name="android.intent.action.SEND" />
41-->[:NativeShare:] AndroidManifest.xml:15:4-56
41-->[:NativeShare:] AndroidManifest.xml:15:12-53
42
43            <data android:mimeType="*/*" />
43-->[:unityLibrary] AndroidManifest.xml:55:17-57:46
44        </intent>
45        <intent>
45-->[:NativeShare:] AndroidManifest.xml:18:3-21:12
46            <action android:name="android.intent.action.SEND_MULTIPLE" />
46-->[:NativeShare:] AndroidManifest.xml:19:4-65
46-->[:NativeShare:] AndroidManifest.xml:19:12-62
47
48            <data android:mimeType="*/*" />
48-->[:unityLibrary] AndroidManifest.xml:55:17-57:46
49        </intent>
50    </queries>
51
52    <uses-permission android:name="com.google.android.finsky.permission.BIND_GET_INSTALL_REFERRER_SERVICE" />
52-->[:com.android.installreferrer.installreferrer-2.1:] AndroidManifest.xml:9:5-110
52-->[:com.android.installreferrer.installreferrer-2.1:] AndroidManifest.xml:9:22-107
53
54    <application
54-->src/main/AndroidManifest.xml:5:3-83
55        android:extractNativeLibs="false"
56        android:fullBackupContent="@xml/appsflyer_backup_rules"
56-->[:com.appsflyer.af-android-sdk-6.5.4:] AndroidManifest.xml:16:18-73
57        android:icon="@mipmap/app_icon"
57-->src/main/AndroidManifest.xml:5:49-80
58        android:label="@string/app_name" >
58-->src/main/AndroidManifest.xml:5:16-48
59        <activity
59-->[:unityLibrary] AndroidManifest.xml:31:9-63:20
60            android:name="com.unity3d.player.UnityPlayerActivity"
60-->[:unityLibrary] AndroidManifest.xml:32:13-66
61            android:configChanges="mcc|mnc|locale|touchscreen|keyboard|keyboardHidden|navigation|orientation|screenLayout|uiMode|screenSize|smallestScreenSize|fontScale|layoutDirection|density"
61-->[:unityLibrary] AndroidManifest.xml:33:13-194
62            android:hardwareAccelerated="false"
62-->[:unityLibrary] AndroidManifest.xml:34:13-48
63            android:launchMode="singleTask"
63-->[:unityLibrary] AndroidManifest.xml:35:13-44
64            android:resizeableActivity="false"
64-->[:unityLibrary] AndroidManifest.xml:36:13-47
65            android:screenOrientation="fullSensor"
65-->[:unityLibrary] AndroidManifest.xml:37:13-51
66            android:theme="@style/UnityThemeSelector" >
66-->[:unityLibrary] AndroidManifest.xml:38:13-54
67            <intent-filter>
67-->[:unityLibrary] AndroidManifest.xml:39:13-43:29
68                <action android:name="android.intent.action.MAIN" />
68-->[:unityLibrary] AndroidManifest.xml:40:17-69
68-->[:unityLibrary] AndroidManifest.xml:40:25-66
69
70                <category android:name="android.intent.category.LAUNCHER" />
70-->[:unityLibrary] AndroidManifest.xml:42:17-77
70-->[:unityLibrary] AndroidManifest.xml:42:27-74
71            </intent-filter>
72
73            <meta-data
73-->[:unityLibrary] AndroidManifest.xml:45:13-47:40
74                android:name="unityplayer.UnityActivity"
74-->[:unityLibrary] AndroidManifest.xml:46:17-57
75                android:value="true" />
75-->[:unityLibrary] AndroidManifest.xml:47:17-37
76
77            <intent-filter android:autoVerify="true" >
77-->[:unityLibrary] AndroidManifest.xml:49:13-58:29
77-->[:unityLibrary] AndroidManifest.xml:49:28-53
78                <action android:name="android.intent.action.VIEW" />
78-->[:unityLibrary] AndroidManifest.xml:50:17-69
78-->[:unityLibrary] AndroidManifest.xml:50:25-66
79
80                <category android:name="android.intent.category.DEFAULT" />
80-->[:unityLibrary] AndroidManifest.xml:52:17-76
80-->[:unityLibrary] AndroidManifest.xml:52:27-73
81                <category android:name="android.intent.category.BROWSABLE" />
81-->[:unityLibrary] AndroidManifest.xml:53:17-78
81-->[:unityLibrary] AndroidManifest.xml:53:27-75
82
83                <data
83-->[:unityLibrary] AndroidManifest.xml:55:17-57:46
84                    android:host="af-unity-sample-app-public.onelink.me"
84-->[:unityLibrary] AndroidManifest.xml:56:21-73
85                    android:scheme="https" />
85-->[:unityLibrary] AndroidManifest.xml:57:21-43
86            </intent-filter>
87
88            <meta-data
88-->[:unityLibrary] AndroidManifest.xml:60:13-62:40
89                android:name="android.notch_support"
89-->[:unityLibrary] AndroidManifest.xml:61:17-53
90                android:value="true" />
90-->[:unityLibrary] AndroidManifest.xml:62:17-37
91        </activity>
92
93        <meta-data
93-->[:unityLibrary] AndroidManifest.xml:65:9-67:33
94            android:name="unity.splash-mode"
94-->[:unityLibrary] AndroidManifest.xml:66:13-45
95            android:value="0" />
95-->[:unityLibrary] AndroidManifest.xml:67:13-30
96        <meta-data
96-->[:unityLibrary] AndroidManifest.xml:68:9-70:36
97            android:name="unity.splash-enable"
97-->[:unityLibrary] AndroidManifest.xml:69:13-47
98            android:value="True" />
98-->[:unityLibrary] AndroidManifest.xml:70:13-33
99        <meta-data
99-->[:unityLibrary] AndroidManifest.xml:71:9-73:36
100            android:name="unity.launch-fullscreen"
100-->[:unityLibrary] AndroidManifest.xml:72:13-51
101            android:value="True" />
101-->[:unityLibrary] AndroidManifest.xml:73:13-33
102        <meta-data
102-->[:unityLibrary] AndroidManifest.xml:74:9-76:37
103            android:name="unity.allow-resizable-window"
103-->[:unityLibrary] AndroidManifest.xml:75:13-56
104            android:value="False" />
104-->[:unityLibrary] AndroidManifest.xml:76:13-34
105        <meta-data
105-->[:unityLibrary] AndroidManifest.xml:77:9-79:50
106            android:name="notch.config"
106-->[:unityLibrary] AndroidManifest.xml:78:13-40
107            android:value="portrait|landscape" />
107-->[:unityLibrary] AndroidManifest.xml:79:13-47
108        <meta-data
108-->[:unityLibrary] AndroidManifest.xml:80:9-82:68
109            android:name="unity.build-id"
109-->[:unityLibrary] AndroidManifest.xml:81:13-42
110            android:value="24913a7f-a0c7-4e71-83f9-36a603e952dd" />
110-->[:unityLibrary] AndroidManifest.xml:82:13-65
111
112        <activity
112-->[:NativeShare:] AndroidManifest.xml:4:3-145
113            android:name="com.yasirkula.unity.NativeShareCustomShareDialogActivity"
113-->[:NativeShare:] AndroidManifest.xml:4:13-65
114            android:exported="false"
114-->[:NativeShare:] AndroidManifest.xml:4:118-142
115            android:theme="@style/Theme.NativeShareTransparent" />
115-->[:NativeShare:] AndroidManifest.xml:4:66-117
116
117        <receiver
117-->[:NativeShare:] AndroidManifest.xml:5:3-85
118            android:name="com.yasirkula.unity.NativeShareBroadcastListener"
118-->[:NativeShare:] AndroidManifest.xml:5:13-57
119            android:exported="false" />
119-->[:NativeShare:] AndroidManifest.xml:5:58-82
120
121        <provider
121-->[:NativeShare:] AndroidManifest.xml:6:3-10:42
122            android:name="com.yasirkula.unity.NativeShareContentProvider"
122-->[:NativeShare:] AndroidManifest.xml:7:5-66
123            android:authorities="com.restar.matchrender.google.NativeShareContentProvider"
123-->[:NativeShare:] AndroidManifest.xml:8:5-70
124            android:exported="false"
124-->[:NativeShare:] AndroidManifest.xml:9:5-29
125            android:grantUriPermissions="true" />
125-->[:NativeShare:] AndroidManifest.xml:10:5-39
126    </application>
127
128</manifest>